1520846178818	geckodriver	INFO	geckodriver 0.19.1
1520846178825	geckodriver	INFO	Listening on 127.0.0.1:64750
1520846181842	mozrunner::runner	INFO	Running command: "C:\\Program Files\\Mozilla Firefox\\firefox.exe" "-marionette" "-profile" "C:\\Users\\user\\AppData\\Local\\Temp\\rust_mozprofile.tGZW7bU9yele"
1520846182714	Marionette	INFO	Enabled via --marionette
Unable to read VR Path Registry from C:\Users\user\AppData\Local\openvr\openvrpaths.vrpath
[Child 5968, Chrome_ChildThread] WARNING: pipe error: 109: file z:/build/build/src/ipc/chromium/src/chrome/common/ipc_channel_win.cc, line 346
[Child 5968, Chrome_ChildThread] WARNING: pipe error: 109: file z:/build/build/src/ipc/chromium/src/chrome/common/ipc_channel_win.cc, line 346
1520846188545	Marionette	INFO	Listening on port 64758
1520846189171	Marionette	WARN	TLS certificate errors will be ignored for this session
1520846189226	Marionette	DEBUG	Register listener.js for window 4294967297
1520846189246	Marionette	DEBUG	Received DOM event "beforeunload" for "about:blank"
1520846189374	Marionette	DEBUG	Received DOM event "pagehide" for "about:blank"
1520846189374	Marionette	DEBUG	Received DOM event "unload" for "about:blank"
1520846190250	Marionette	DEBUG	Received DOM event "DOMContentLoaded" for "https://eksisozluk.com/mustafa-kemal-ataturk--34712"
1520846192140	Marionette	DEBUG	Received observer notification "outer-window-destroyed" for "4294967315"
1520846192415	Marionette	DEBUG	Received observer notification "outer-window-destroyed" for "4294967314"
1520846193784	Marionette	DEBUG	Received DOM event "pageshow" for "https://eksisozluk.com/mustafa-kemal-ataturk--34712"
1520846221034	geckodriver	INFO	geckodriver 0.19.1
1520846221046	geckodriver	INFO	Listening on 127.0.0.1:64875
1520846224084	mozrunner::runner	INFO	Running command: "C:\\Program Files\\Mozilla Firefox\\firefox.exe" "-marionette" "-profile" "C:\\Users\\user\\AppData\\Local\\Temp\\rust_mozprofile.qeqlMaWueojv"
1520846225151	Marionette	INFO	Enabled via --marionette
Unable to read VR Path Registry from C:\Users\user\AppData\Local\openvr\openvrpaths.vrpath
[Parent 10092, Gecko_IOThread] WARNING: pipe error: 109: file z:/build/build/src/ipc/chromium/src/chrome/common/ipc_channel_win.cc, line 346
Unable to read VR Path Registry from C:\Users\user\AppData\Local\openvr\openvrpaths.vrpath
[Child 4224, Chrome_ChildThread] WARNING: pipe error: 109: file z:/build/build/src/ipc/chromium/src/chrome/common/ipc_channel_win.cc, line 346
1520846231317	Marionette	INFO	Listening on port 64883
1520846231698	Marionette	WARN	TLS certificate errors will be ignored for this session
1520846231789	Marionette	DEBUG	Register listener.js for window 4294967297
1520846231818	Marionette	DEBUG	Received DOM event "beforeunload" for "about:blank"
1520846232089	Marionette	DEBUG	Received DOM event "pagehide" for "about:blank"
1520846232089	Marionette	DEBUG	Received DOM event "unload" for "about:blank"
1520846232788	Marionette	DEBUG	Received DOM event "DOMContentLoaded" for "https://eksisozluk.com/mustafa-kemal-ataturk--34712"
1520846235416	Marionette	DEBUG	Received observer notification "outer-window-destroyed" for "4294967315"
1520846235490	Marionette	DEBUG	Received observer notification "outer-window-destroyed" for "4294967316"
1520846237395	Marionette	DEBUG	Received DOM event "pageshow" for "https://eksisozluk.com/mustafa-kemal-ataturk--34712"
1520846495066	geckodriver	INFO	geckodriver 0.19.1
1520846495074	geckodriver	INFO	Listening on 127.0.0.1:65013
1520846498110	mozrunner::runner	INFO	Running command: "C:\\Program Files\\Mozilla Firefox\\firefox.exe" "-marionette" "-profile" "C:\\Users\\user\\AppData\\Local\\Temp\\rust_mozprofile.8OBCaOiCszvR"
1520846498955	Marionette	INFO	Enabled via --marionette
1520846505020	Marionette	INFO	Listening on port 65021
1520846505446	Marionette	WARN	TLS certificate errors will be ignored for this session
1520846505519	Marionette	DEBUG	Register listener.js for window 4294967297
1520846505551	Marionette	DEBUG	Received DOM event "beforeunload" for "about:blank"
1520846506675	Marionette	DEBUG	Received DOM event "pagehide" for "about:blank"
1520846506676	Marionette	DEBUG	Received DOM event "unload" for "about:blank"
1520846507592	Marionette	DEBUG	Received DOM event "DOMContentLoaded" for "https://eksisozluk.com/mustafa-kemal-ataturk--34712"
1520846509767	Marionette	DEBUG	Received observer notification "outer-window-destroyed" for "4294967314"
1520846509934	Marionette	DEBUG	Received observer notification "outer-window-destroyed" for "4294967315"
1520846512360	Marionette	DEBUG	Received DOM event "pageshow" for "https://eksisozluk.com/mustafa-kemal-ataturk--34712"
1520846825217	geckodriver	INFO	geckodriver 0.19.1
1520846825227	geckodriver	INFO	Listening on 127.0.0.1:65518
1520846828280	mozrunner::runner	INFO	Running command: "C:\\Program Files\\Mozilla Firefox\\firefox.exe" "-marionette" "-profile" "C:\\Users\\user\\AppData\\Local\\Temp\\rust_mozprofile.ntYUAnMlxuKI"
1520846829372	Marionette	INFO	Enabled via --marionette
Unable to read VR Path Registry from C:\Users\user\AppData\Local\openvr\openvrpaths.vrpath
[Child 2068, Chrome_ChildThread] WARNING: pipe error: 109: file z:/build/build/src/ipc/chromium/src/chrome/common/ipc_channel_win.cc, line 346
[Child 2068, Chrome_ChildThread] WARNING: pipe error: 109: file z:/build/build/src/ipc/chromium/src/chrome/common/ipc_channel_win.cc, line 346
1520846835577	Marionette	INFO	Listening on port 65530
1520846836085	Marionette	WARN	TLS certificate errors will be ignored for this session
1520846836165	Marionette	DEBUG	Register listener.js for window 4294967297
1520846836198	Marionette	DEBUG	Received DOM event "beforeunload" for "about:blank"
1520846836329	Marionette	DEBUG	Received DOM event "pagehide" for "about:blank"
1520846836330	Marionette	DEBUG	Received DOM event "unload" for "about:blank"
1520846837623	Marionette	DEBUG	Received DOM event "DOMContentLoaded" for "https://eksisozluk.com/mustafa-kemal-ataturk--34712"
1520846839806	Marionette	DEBUG	Received observer notification "outer-window-destroyed" for "4294967316"
1520846840031	Marionette	DEBUG	Received observer notification "outer-window-destroyed" for "4294967315"
1520846841353	Marionette	DEBUG	Received DOM event "pageshow" for "https://eksisozluk.com/mustafa-kemal-ataturk--34712"
1520849467885	geckodriver	INFO	geckodriver 0.19.1
1520849467893	geckodriver	INFO	Listening on 127.0.0.1:52468
1520849470924	mozrunner::runner	INFO	Running command: "C:\\Program Files\\Mozilla Firefox\\firefox.exe" "-marionette" "-profile" "C:\\Users\\user\\AppData\\Local\\Temp\\rust_mozprofile.WXtBYLt3SBZ9"
1520849471768	Marionette	INFO	Enabled via --marionette
Unable to read VR Path Registry from C:\Users\user\AppData\Local\openvr\openvrpaths.vrpath
[Child 7204, Chrome_ChildThread] WARNING: pipe error: 109: file z:/build/build/src/ipc/chromium/src/chrome/common/ipc_channel_win.cc, line 346
[Child 7204, Chrome_ChildThread] WARNING: pipe error: 109: file z:/build/build/src/ipc/chromium/src/chrome/common/ipc_channel_win.cc, line 346
1520849477289	Marionette	INFO	Listening on port 52476
1520849478292	Marionette	WARN	TLS certificate errors will be ignored for this session
1520849478375	Marionette	DEBUG	Register listener.js for window 4294967297
1520849478393	Marionette	DEBUG	Received DOM event "beforeunload" for "about:blank"
1520849478505	Marionette	DEBUG	Received DOM event "pagehide" for "about:blank"
1520849478505	Marionette	DEBUG	Received DOM event "unload" for "about:blank"
1520849479500	Marionette	DEBUG	Received DOM event "DOMContentLoaded" for "https://eksisozluk.com/mustafa-kemal-ataturk--34712?p=486"
1520849481640	Marionette	DEBUG	Received observer notification "outer-window-destroyed" for "4294967315"
1520849481813	Marionette	DEBUG	Received observer notification "outer-window-destroyed" for "4294967316"
1520849484214	Marionette	DEBUG	Received DOM event "pageshow" for "https://eksisozluk.com/mustafa-kemal-ataturk--34712?p=486"
1520849489230	Marionette	DEBUG	Received DOM event "beforeunload" for "https://eksisozluk.com/mustafa-kemal-ataturk--34712?p=486"
1520849489321	Marionette	DEBUG	Received DOM event "pagehide" for "https://eksisozluk.com/mustafa-kemal-ataturk--34712?p=486"
1520849489334	Marionette	DEBUG	Received DOM event "unload" for "https://eksisozluk.com/mustafa-kemal-ataturk--34712?p=486"
1520849489571	Marionette	DEBUG	Received DOM event "DOMContentLoaded" for "https://eksisozluk.com/mustafa-kemal-ataturk--34712?p=1180"
1520849489581	Marionette	DEBUG	Received observer notification "outer-window-destroyed" for "4294967306"
1520849489583	Marionette	DEBUG	Received observer notification "outer-window-destroyed" for "4294967307"
1520849489585	Marionette	DEBUG	Received observer notification "outer-window-destroyed" for "4294967308"
1520849489588	Marionette	DEBUG	Received observer notification "outer-window-destroyed" for "4294967309"
1520849489589	Marionette	DEBUG	Received observer notification "outer-window-destroyed" for "4294967310"
1520849489589	Marionette	DEBUG	Received observer notification "outer-window-destroyed" for "4294967311"
1520849489590	Marionette	DEBUG	Received observer notification "outer-window-destroyed" for "4294967312"
1520849489591	Marionette	DEBUG	Received observer notification "outer-window-destroyed" for "4294967313"
1520849489591	Marionette	DEBUG	Received observer notification "outer-window-destroyed" for "4294967314"
1520849489592	Marionette	DEBUG	Received observer notification "outer-window-destroyed" for "4294967339"
1520849489593	Marionette	DEBUG	Received observer notification "outer-window-destroyed" for "4294967332"
1520849489593	Marionette	DEBUG	Received observer notification "outer-window-destroyed" for "4294967338"
1520849489593	Marionette	DEBUG	Received observer notification "outer-window-destroyed" for "4294967340"
1520849489594	Marionette	DEBUG	Received observer notification "outer-window-destroyed" for "4294967334"
1520849489595	Marionette	DEBUG	Received observer notification "outer-window-destroyed" for "4294967301"
1520849489596	Marionette	DEBUG	Received observer notification "outer-window-destroyed" for "4294967303"
1520849489597	Marionette	DEBUG	Received observer notification "outer-window-destroyed" for "4294967330"
1520849491124	Marionette	DEBUG	Received observer notification "outer-window-destroyed" for "4294967360"
1520849491228	Marionette	DEBUG	Received observer notification "outer-window-destroyed" for "4294967361"
1520849493007	Marionette	DEBUG	Received DOM event "pageshow" for "https://eksisozluk.com/mustafa-kemal-ataturk--34712?p=1180"
1520849498028	Marionette	DEBUG	Received DOM event "beforeunload" for "https://eksisozluk.com/mustafa-kemal-ataturk--34712?p=1180"
1520849498108	Marionette	DEBUG	Received DOM event "pagehide" for "https://eksisozluk.com/mustafa-kemal-ataturk--34712?p=1180"
1520849498118	Marionette	DEBUG	Received DOM event "unload" for "https://eksisozluk.com/mustafa-kemal-ataturk--34712?p=1180"
1520849498396	Marionette	DEBUG	Received DOM event "DOMContentLoaded" for "https://eksisozluk.com/mustafa-kemal-ataturk--34712?p=855"
1520849498409	Marionette	DEBUG	Received observer notification "outer-window-destroyed" for "4294967351"
1520849498412	Marionette	DEBUG	Received observer notification "outer-window-destroyed" for "4294967352"
1520849498415	Marionette	DEBUG	Received observer notification "outer-window-destroyed" for "4294967353"
1520849498416	Marionette	DEBUG	Received observer notification "outer-window-destroyed" for "4294967354"
1520849498417	Marionette	DEBUG	Received observer notification "outer-window-destroyed" for "4294967355"
1520849498417	Marionette	DEBUG	Received observer notification "outer-window-destroyed" for "4294967356"
1520849498417	Marionette	DEBUG	Received observer notification "outer-window-destroyed" for "4294967357"
1520849498418	Marionette	DEBUG	Received observer notification "outer-window-destroyed" for "4294967358"
1520849498418	Marionette	DEBUG	Received observer notification "outer-window-destroyed" for "4294967359"
1520849498418	Marionette	DEBUG	Received observer notification "outer-window-destroyed" for "4294967383"
1520849498419	Marionette	DEBUG	Received observer notification "outer-window-destroyed" for "4294967375"
1520849498419	Marionette	DEBUG	Received observer notification "outer-window-destroyed" for "4294967386"
1520849498419	Marionette	DEBUG	Received observer notification "outer-window-destroyed" for "4294967377"
1520849498420	Marionette	DEBUG	Received observer notification "outer-window-destroyed" for "4294967346"
1520849498420	Marionette	DEBUG	Received observer notification "outer-window-destroyed" for "4294967348"
1520849498420	Marionette	DEBUG	Received observer notification "outer-window-destroyed" for "4294967381"
1520849499938	Marionette	DEBUG	Received observer notification "outer-window-destroyed" for "4294967400"
1520849500107	Marionette	DEBUG	Received observer notification "outer-window-destroyed" for "4294967401"
1520849500717	Marionette	DEBUG	Received DOM event "pageshow" for "https://eksisozluk.com/mustafa-kemal-ataturk--34712?p=855"
1520849505734	Marionette	DEBUG	Received DOM event "beforeunload" for "https://eksisozluk.com/mustafa-kemal-ataturk--34712?p=855"
1520849505809	Marionette	DEBUG	Received DOM event "pagehide" for "https://eksisozluk.com/mustafa-kemal-ataturk--34712?p=855"
1520849505830	Marionette	DEBUG	Received DOM event "unload" for "https://eksisozluk.com/mustafa-kemal-ataturk--34712?p=855"
1520849506062	Marionette	DEBUG	Received DOM event "DOMContentLoaded" for "https://eksisozluk.com/mustafa-kemal-ataturk--34712?p=398"
1520849506073	Marionette	DEBUG	Received observer notification "outer-window-destroyed" for "4294967391"
1520849506074	Marionette	DEBUG	Received observer notification "outer-window-destroyed" for "4294967392"
1520849506074	Marionette	DEBUG	Received observer notification "outer-window-destroyed" for "4294967393"
1520849506075	Marionette	DEBUG	Received observer notification "outer-window-destroyed" for "4294967394"
1520849506075	Marionette	DEBUG	Received observer notification "outer-window-destroyed" for "4294967395"
1520849506075	Marionette	DEBUG	Received observer notification "outer-window-destroyed" for "4294967396"
1520849506076	Marionette	DEBUG	Received observer notification "outer-window-destroyed" for "4294967397"
1520849506077	Marionette	DEBUG	Received observer notification "outer-window-destroyed" for "4294967398"
1520849506077	Marionette	DEBUG	Received observer notification "outer-window-destroyed" for "4294967399"
1520849506077	Marionette	DEBUG	Received observer notification "outer-window-destroyed" for "4294967421"
1520849506078	Marionette	DEBUG	Received observer notification "outer-window-destroyed" for "4294967418"
1520849506078	Marionette	DEBUG	Received observer notification "outer-window-destroyed" for "4294967428"
1520849506078	Marionette	DEBUG	Received observer notification "outer-window-destroyed" for "4294967429"
1520849506079	Marionette	DEBUG	Received observer notification "outer-window-destroyed" for "4294967423"
1520849506079	Marionette	DEBUG	Received observer notification "outer-window-destroyed" for "4294967389"
1520849506080	Marionette	DEBUG	Received observer notification "outer-window-destroyed" for "4294967413"
1520849506080	Marionette	DEBUG	Received observer notification "outer-window-destroyed" for "4294967425"
1520849507477	Marionette	DEBUG	Received observer notification "outer-window-destroyed" for "4294967445"
1520849507537	Marionette	DEBUG	Received observer notification "outer-window-destroyed" for "4294967446"
1520849508304	Marionette	DEBUG	Received DOM event "pageshow" for "https://eksisozluk.com/mustafa-kemal-ataturk--34712?p=398"
1520849513317	Marionette	DEBUG	Received DOM event "beforeunload" for "https://eksisozluk.com/mustafa-kemal-ataturk--34712?p=398"
1520849513421	Marionette	DEBUG	Received DOM event "pagehide" for "https://eksisozluk.com/mustafa-kemal-ataturk--34712?p=398"
1520849513444	Marionette	DEBUG	Received DOM event "unload" for "https://eksisozluk.com/mustafa-kemal-ataturk--34712?p=398"
1520849513650	Marionette	DEBUG	Received DOM event "DOMContentLoaded" for "https://eksisozluk.com/mustafa-kemal-ataturk--34712?p=1125"
1520849513686	Marionette	DEBUG	Received observer notification "outer-window-destroyed" for "4294967436"
1520849513686	Marionette	DEBUG	Received observer notification "outer-window-destroyed" for "4294967437"
1520849513687	Marionette	DEBUG	Received observer notification "outer-window-destroyed" for "4294967438"
1520849513687	Marionette	DEBUG	Received observer notification "outer-window-destroyed" for "4294967439"
1520849513688	Marionette	DEBUG	Received observer notification "outer-window-destroyed" for "4294967440"
1520849513688	Marionette	DEBUG	Received observer notification "outer-window-destroyed" for "4294967441"
1520849513688	Marionette	DEBUG	Received observer notification "outer-window-destroyed" for "4294967442"
1520849513688	Marionette	DEBUG	Received observer notification "outer-window-destroyed" for "4294967443"
1520849513689	Marionette	DEBUG	Received observer notification "outer-window-destroyed" for "4294967444"
1520849513689	Marionette	DEBUG	Received observer notification "outer-window-destroyed" for "4294967471"
1520849513690	Marionette	DEBUG	Received observer notification "outer-window-destroyed" for "4294967463"
1520849513691	Marionette	DEBUG	Received observer notification "outer-window-destroyed" for "4294967474"
1520849513691	Marionette	DEBUG	Received observer notification "outer-window-destroyed" for "4294967465"
1520849513691	Marionette	DEBUG	Received observer notification "outer-window-destroyed" for "4294967434"
1520849513692	Marionette	DEBUG	Received observer notification "outer-window-destroyed" for "4294967458"
1520849513692	Marionette	DEBUG	Received observer notification "outer-window-destroyed" for "4294967469"
1520849515561	Marionette	DEBUG	Received DOM event "pageshow" for "https://eksisozluk.com/mustafa-kemal-ataturk--34712?p=1125"
1520849520573	Marionette	DEBUG	Received DOM event "beforeunload" for "https://eksisozluk.com/mustafa-kemal-ataturk--34712?p=1125"
1520849520684	Marionette	DEBUG	Received DOM event "pagehide" for "https://eksisozluk.com/mustafa-kemal-ataturk--34712?p=1125"
1520849520698	Marionette	DEBUG	Received DOM event "unload" for "https://eksisozluk.com/mustafa-kemal-ataturk--34712?p=1125"
1520849520921	Marionette	DEBUG	Received DOM event "DOMContentLoaded" for "https://eksisozluk.com/mustafa-kemal-ataturk--34712?p=342"
1520849520934	Marionette	DEBUG	Received observer notification "outer-window-destroyed" for "4294967482"
1520849520935	Marionette	DEBUG	Received observer notification "outer-window-destroyed" for "4294967483"
1520849520935	Marionette	DEBUG	Received observer notification "outer-window-destroyed" for "4294967484"
1520849520935	Marionette	DEBUG	Received observer notification "outer-window-destroyed" for "4294967485"
1520849520935	Marionette	DEBUG	Received observer notification "outer-window-destroyed" for "4294967486"
1520849520936	Marionette	DEBUG	Received observer notification "outer-window-destroyed" for "4294967487"
1520849520936	Marionette	DEBUG	Received observer notification "outer-window-destroyed" for "4294967488"
1520849520936	Marionette	DEBUG	Received observer notification "outer-window-destroyed" for "4294967489"
1520849520937	Marionette	DEBUG	Received observer notification "outer-window-destroyed" for "4294967490"
1520849520937	Marionette	DEBUG	Received observer notification "outer-window-destroyed" for "4294967507"
1520849520937	Marionette	DEBUG	Received observer notification "outer-window-destroyed" for "4294967491"
1520849520938	Marionette	DEBUG	Received observer notification "outer-window-destroyed" for "4294967509"
1520849520938	Marionette	DEBUG	Received observer notification "outer-window-destroyed" for "4294967492"
1520849520939	Marionette	DEBUG	Received observer notification "outer-window-destroyed" for "4294967477"
1520849520940	Marionette	DEBUG	Received observer notification "outer-window-destroyed" for "4294967479"
1520849520940	Marionette	DEBUG	Received observer notification "outer-window-destroyed" for "4294967510"
1520849522492	Marionette	DEBUG	Received observer notification "outer-window-destroyed" for "4294967533"
1520849522630	Marionette	DEBUG	Received observer notification "outer-window-destroyed" for "4294967534"
1520849523472	Marionette	DEBUG	Received DOM event "pageshow" for "https://eksisozluk.com/mustafa-kemal-ataturk--34712?p=342"
1520849528484	Marionette	DEBUG	Received DOM event "beforeunload" for "https://eksisozluk.com/mustafa-kemal-ataturk--34712?p=342"
1520849528596	Marionette	DEBUG	Received DOM event "pagehide" for "https://eksisozluk.com/mustafa-kemal-ataturk--34712?p=342"
1520849528621	Marionette	DEBUG	Received DOM event "unload" for "https://eksisozluk.com/mustafa-kemal-ataturk--34712?p=342"
1520849528855	Marionette	DEBUG	Received DOM event "DOMContentLoaded" for "https://eksisozluk.com/mustafa-kemal-ataturk--34712?p=590"
1520849528868	Marionette	DEBUG	Received observer notification "outer-window-destroyed" for "4294967524"
1520849528869	Marionette	DEBUG	Received observer notification "outer-window-destroyed" for "4294967525"
1520849528869	Marionette	DEBUG	Received observer notification "outer-window-destroyed" for "4294967526"
1520849528869	Marionette	DEBUG	Received observer notification "outer-window-destroyed" for "4294967527"
1520849528870	Marionette	DEBUG	Received observer notification "outer-window-destroyed" for "4294967528"
1520849528870	Marionette	DEBUG	Received observer notification "outer-window-destroyed" for "4294967529"
1520849528870	Marionette	DEBUG	Received observer notification "outer-window-destroyed" for "4294967530"
1520849528870	Marionette	DEBUG	Received observer notification "outer-window-destroyed" for "4294967531"
1520849528870	Marionette	DEBUG	Received observer notification "outer-window-destroyed" for "4294967532"
1520849528871	Marionette	DEBUG	Received observer notification "outer-window-destroyed" for "4294967557"
1520849528871	Marionette	DEBUG	Received observer notification "outer-window-destroyed" for "4294967549"
1520849528871	Marionette	DEBUG	Received observer notification "outer-window-destroyed" for "4294967559"
1520849528871	Marionette	DEBUG	Received observer notification "outer-window-destroyed" for "4294967551"
1520849528871	Marionette	DEBUG	Received observer notification "outer-window-destroyed" for "4294967517"
1520849528872	Marionette	DEBUG	Received observer notification "outer-window-destroyed" for "4294967518"
1520849528872	Marionette	DEBUG	Received observer notification "outer-window-destroyed" for "4294967521"
1520849528872	Marionette	DEBUG	Received observer notification "outer-window-destroyed" for "4294967555"
1520849530417	Marionette	DEBUG	Received observer notification "outer-window-destroyed" for "4294967579"
1520849530515	Marionette	DEBUG	Received observer notification "outer-window-destroyed" for "4294967580"
1520849531700	Marionette	DEBUG	Received DOM event "pageshow" for "https://eksisozluk.com/mustafa-kemal-ataturk--34712?p=590"
1520849536713	Marionette	DEBUG	Received DOM event "beforeunload" for "https://eksisozluk.com/mustafa-kemal-ataturk--34712?p=590"
1520849536775	Marionette	DEBUG	Received DOM event "pagehide" for "https://eksisozluk.com/mustafa-kemal-ataturk--34712?p=590"
1520849536791	Marionette	DEBUG	Received DOM event "unload" for "https://eksisozluk.com/mustafa-kemal-ataturk--34712?p=590"
1520849537045	Marionette	DEBUG	Received DOM event "DOMContentLoaded" for "https://eksisozluk.com/mustafa-kemal-ataturk--34712?p=1167"
1520849537065	Marionette	DEBUG	Received observer notification "outer-window-destroyed" for "4294967570"
1520849537066	Marionette	DEBUG	Received observer notification "outer-window-destroyed" for "4294967571"
1520849537067	Marionette	DEBUG	Received observer notification "outer-window-destroyed" for "4294967572"
1520849537067	Marionette	DEBUG	Received observer notification "outer-window-destroyed" for "4294967573"
1520849537067	Marionette	DEBUG	Received observer notification "outer-window-destroyed" for "4294967574"
1520849537068	Marionette	DEBUG	Received observer notification "outer-window-destroyed" for "4294967575"
1520849537068	Marionette	DEBUG	Received observer notification "outer-window-destroyed" for "4294967576"
1520849537069	Marionette	DEBUG	Received observer notification "outer-window-destroyed" for "4294967577"
1520849537069	Marionette	DEBUG	Received observer notification "outer-window-destroyed" for "4294967578"
1520849537070	Marionette	DEBUG	Received observer notification "outer-window-destroyed" for "4294967605"
1520849537070	Marionette	DEBUG	Received observer notification "outer-window-destroyed" for "4294967594"
1520849537070	Marionette	DEBUG	Received observer notification "outer-window-destroyed" for "4294967600"
1520849537070	Marionette	DEBUG	Received observer notification "outer-window-destroyed" for "4294967607"
1520849537071	Marionette	DEBUG	Received observer notification "outer-window-destroyed" for "4294967596"
1520849537071	Marionette	DEBUG	Received observer notification "outer-window-destroyed" for "4294967562"
1520849537071	Marionette	DEBUG	Received observer notification "outer-window-destroyed" for "4294967563"
1520849537071	Marionette	DEBUG	Received observer notification "outer-window-destroyed" for "4294967567"
1520849537072	Marionette	DEBUG	Received observer notification "outer-window-destroyed" for "4294967602"
1520849538536	Marionette	DEBUG	Received observer notification "outer-window-destroyed" for "4294967625"
1520849538731	Marionette	DEBUG	Received observer notification "outer-window-destroyed" for "4294967626"
1520849539504	Marionette	DEBUG	Received DOM event "pageshow" for "https://eksisozluk.com/mustafa-kemal-ataturk--34712?p=1167"
1520849544518	Marionette	DEBUG	Received DOM event "beforeunload" for "https://eksisozluk.com/mustafa-kemal-ataturk--34712?p=1167"
1520849544595	Marionette	DEBUG	Received DOM event "pagehide" for "https://eksisozluk.com/mustafa-kemal-ataturk--34712?p=1167"
1520849544606	Marionette	DEBUG	Received DOM event "unload" for "https://eksisozluk.com/mustafa-kemal-ataturk--34712?p=1167"
1520849544852	Marionette	DEBUG	Received DOM event "DOMContentLoaded" for "https://eksisozluk.com/mustafa-kemal-ataturk--34712?p=881"
1520849544881	Marionette	DEBUG	Received observer notification "outer-window-destroyed" for "4294967616"
1520849544882	Marionette	DEBUG	Received observer notification "outer-window-destroyed" for "4294967617"
1520849544883	Marionette	DEBUG	Received observer notification "outer-window-destroyed" for "4294967618"
1520849544883	Marionette	DEBUG	Received observer notification "outer-window-destroyed" for "4294967619"
1520849544883	Marionette	DEBUG	Received observer notification "outer-window-destroyed" for "4294967620"
1520849544884	Marionette	DEBUG	Received observer notification "outer-window-destroyed" for "4294967621"
1520849544884	Marionette	DEBUG	Received observer notification "outer-window-destroyed" for "4294967622"
1520849544885	Marionette	DEBUG	Received observer notification "outer-window-destroyed" for "4294967623"
1520849544885	Marionette	DEBUG	Received observer notification "outer-window-destroyed" for "4294967624"
1520849544886	Marionette	DEBUG	Received observer notification "outer-window-destroyed" for "4294967648"
1520849544886	Marionette	DEBUG	Received observer notification "outer-window-destroyed" for "4294967640"
1520849544887	Marionette	DEBUG	Received observer notification "outer-window-destroyed" for "4294967651"
1520849544887	Marionette	DEBUG	Received observer notification "outer-window-destroyed" for "4294967643"
1520849544887	Marionette	DEBUG	Received observer notification "outer-window-destroyed" for "4294967611"
1520849544888	Marionette	DEBUG	Received observer notification "outer-window-destroyed" for "4294967613"
1520849544888	Marionette	DEBUG	Received observer notification "outer-window-destroyed" for "4294967646"
1520849546356	Marionette	DEBUG	Received observer notification "outer-window-destroyed" for "4294967668"
1520849546459	Marionette	DEBUG	Received observer notification "outer-window-destroyed" for "4294967669"
1520849556439	Marionette	DEBUG	Received DOM event "pageshow" for "https://eksisozluk.com/mustafa-kemal-ataturk--34712?p=881"
1520849561450	Marionette	DEBUG	Received DOM event "beforeunload" for "https://eksisozluk.com/mustafa-kemal-ataturk--34712?p=881"
1520849561501	Marionette	DEBUG	Received DOM event "pagehide" for "https://eksisozluk.com/mustafa-kemal-ataturk--34712?p=881"
1520849561514	Marionette	DEBUG	Received DOM event "unload" for "https://eksisozluk.com/mustafa-kemal-ataturk--34712?p=881"
1520849561779	Marionette	DEBUG	Received DOM event "DOMContentLoaded" for "https://eksisozluk.com/mustafa-kemal-ataturk--34712?p=599"
1520849561802	Marionette	DEBUG	Received observer notification "outer-window-destroyed" for "4294967659"
1520849561802	Marionette	DEBUG	Received observer notification "outer-window-destroyed" for "4294967660"
1520849561802	Marionette	DEBUG	Received observer notification "outer-window-destroyed" for "4294967661"
1520849561803	Marionette	DEBUG	Received observer notification "outer-window-destroyed" for "4294967662"
1520849561803	Marionette	DEBUG	Received observer notification "outer-window-destroyed" for "4294967663"
1520849561804	Marionette	DEBUG	Received observer notification "outer-window-destroyed" for "4294967664"
1520849561805	Marionette	DEBUG	Received observer notification "outer-window-destroyed" for "4294967665"
1520849561807	Marionette	DEBUG	Received observer notification "outer-window-destroyed" for "4294967666"
1520849561807	Marionette	DEBUG	Received observer notification "outer-window-destroyed" for "4294967667"
1520849561808	Marionette	DEBUG	Received observer notification "outer-window-destroyed" for "4294967691"
1520849561809	Marionette	DEBUG	Received observer notification "outer-window-destroyed" for "4294967683"
1520849561810	Marionette	DEBUG	Received observer notification "outer-window-destroyed" for "4294967694"
1520849561810	Marionette	DEBUG	Received observer notification "outer-window-destroyed" for "4294967685"
1520849561811	Marionette	DEBUG	Received observer notification "outer-window-destroyed" for "4294967654"
1520849561812	Marionette	DEBUG	Received observer notification "outer-window-destroyed" for "4294967656"
1520849561812	Marionette	DEBUG	Received observer notification "outer-window-destroyed" for "4294967689"
1520849563245	Marionette	DEBUG	Received observer notification "outer-window-destroyed" for "4294967708"
1520849563388	Marionette	DEBUG	Received observer notification "outer-window-destroyed" for "4294967709"
1520849564024	Marionette	DEBUG	Received DOM event "pageshow" for "https://eksisozluk.com/mustafa-kemal-ataturk--34712?p=599"
1520849776759	geckodriver	INFO	geckodriver 0.19.1
1520849776765	geckodriver	INFO	Listening on 127.0.0.1:52678
1520849779812	mozrunner::runner	INFO	Running command: "C:\\Program Files\\Mozilla Firefox\\firefox.exe" "-marionette" "-profile" "C:\\Users\\user\\AppData\\Local\\Temp\\rust_mozprofile.CXUsVAs5Bs92"
1520849780714	Marionette	INFO	Enabled via --marionette
Unable to read VR Path Registry from C:\Users\user\AppData\Local\openvr\openvrpaths.vrpath
[Child 5040, Chrome_ChildThread] WARNING: pipe error: 109: file z:/build/build/src/ipc/chromium/src/chrome/common/ipc_channel_win.cc, line 346
[Child 5040, Chrome_ChildThread] WARNING: pipe error: 109: file z:/build/build/src/ipc/chromium/src/chrome/common/ipc_channel_win.cc, line 346
1520849785109	Marionette	INFO	Listening on port 52686
1520849785527	Marionette	WARN	TLS certificate errors will be ignored for this session
1520849785635	Marionette	DEBUG	Register listener.js for window 4294967297
1520849785669	Marionette	DEBUG	Received DOM event "beforeunload" for "about:blank"
1520849785777	Marionette	DEBUG	Received DOM event "pagehide" for "about:blank"
1520849785777	Marionette	DEBUG	Received DOM event "unload" for "about:blank"
1520849787066	Marionette	DEBUG	Received DOM event "DOMContentLoaded" for "https://eksisozluk.com/mustafa-kemal-ataturk--34712?p=844"
1520849789076	Marionette	DEBUG	Received observer notification "outer-window-destroyed" for "4294967316"
1520849789291	Marionette	DEBUG	Received observer notification "outer-window-destroyed" for "4294967315"
1520849790136	Marionette	DEBUG	Received DOM event "pageshow" for "https://eksisozluk.com/mustafa-kemal-ataturk--34712?p=844"
1520849793238	Marionette	DEBUG	Received DOM event "beforeunload" for "https://eksisozluk.com/mustafa-kemal-ataturk--34712?p=844"
1520849793313	Marionette	DEBUG	Received DOM event "pagehide" for "https://eksisozluk.com/mustafa-kemal-ataturk--34712?p=844"
1520849793331	Marionette	DEBUG	Received DOM event "unload" for "https://eksisozluk.com/mustafa-kemal-ataturk--34712?p=844"
1520849793587	Marionette	DEBUG	Received DOM event "DOMContentLoaded" for "https://eksisozluk.com/mustafa-kemal-ataturk--34712?p=795"
1520849793617	Marionette	DEBUG	Received observer notification "outer-window-destroyed" for "4294967306"
1520849793617	Marionette	DEBUG	Received observer notification "outer-window-destroyed" for "4294967307"
1520849793618	Marionette	DEBUG	Received observer notification "outer-window-destroyed" for "4294967308"
1520849793618	Marionette	DEBUG	Received observer notification "outer-window-destroyed" for "4294967309"
1520849793619	Marionette	DEBUG	Received observer notification "outer-window-destroyed" for "4294967310"
1520849793619	Marionette	DEBUG	Received observer notification "outer-window-destroyed" for "4294967311"
1520849793620	Marionette	DEBUG	Received observer notification "outer-window-destroyed" for "4294967312"
1520849793620	Marionette	DEBUG	Received observer notification "outer-window-destroyed" for "4294967313"
1520849793621	Marionette	DEBUG	Received observer notification "outer-window-destroyed" for "4294967314"
1520849793621	Marionette	DEBUG	Received observer notification "outer-window-destroyed" for "4294967339"
1520849793622	Marionette	DEBUG	Received observer notification "outer-window-destroyed" for "4294967341"
1520849793622	Marionette	DEBUG	Received observer notification "outer-window-destroyed" for "4294967335"
1520849793623	Marionette	DEBUG	Received observer notification "outer-window-destroyed" for "4294967338"
1520849793623	Marionette	DEBUG	Received observer notification "outer-window-destroyed" for "4294967340"
1520849793624	Marionette	DEBUG	Received observer notification "outer-window-destroyed" for "4294967332"
1520849793624	Marionette	DEBUG	Received observer notification "outer-window-destroyed" for "4294967301"
1520849793624	Marionette	DEBUG	Received observer notification "outer-window-destroyed" for "4294967303"
1520849793625	Marionette	DEBUG	Received observer notification "outer-window-destroyed" for "4294967330"
1520849795128	Marionette	DEBUG	Received observer notification "outer-window-destroyed" for "4294967363"
1520849795435	Marionette	DEBUG	Received observer notification "outer-window-destroyed" for "4294967364"
1520849797317	Marionette	DEBUG	Received DOM event "pageshow" for "https://eksisozluk.com/mustafa-kemal-ataturk--34712?p=795"
1520849800444	Marionette	DEBUG	Received DOM event "beforeunload" for "https://eksisozluk.com/mustafa-kemal-ataturk--34712?p=795"
1520849800491	Marionette	DEBUG	Received DOM event "pagehide" for "https://eksisozluk.com/mustafa-kemal-ataturk--34712?p=795"
1520849800504	Marionette	DEBUG	Received DOM event "unload" for "https://eksisozluk.com/mustafa-kemal-ataturk--34712?p=795"
1520849800720	Marionette	DEBUG	Received DOM event "DOMContentLoaded" for "https://eksisozluk.com/mustafa-kemal-ataturk--34712?p=272"
1520849800731	Marionette	DEBUG	Received observer notification "outer-window-destroyed" for "4294967354"
1520849800732	Marionette	DEBUG	Received observer notification "outer-window-destroyed" for "4294967355"
1520849800732	Marionette	DEBUG	Received observer notification "outer-window-destroyed" for "4294967356"
1520849800733	Marionette	DEBUG	Received observer notification "outer-window-destroyed" for "4294967357"
1520849800734	Marionette	DEBUG	Received observer notification "outer-window-destroyed" for "4294967358"
1520849800734	Marionette	DEBUG	Received observer notification "outer-window-destroyed" for "4294967359"
1520849800734	Marionette	DEBUG	Received observer notification "outer-window-destroyed" for "4294967360"
1520849800735	Marionette	DEBUG	Received observer notification "outer-window-destroyed" for "4294967361"
1520849800735	Marionette	DEBUG	Received observer notification "outer-window-destroyed" for "4294967362"
1520849800735	Marionette	DEBUG	Received observer notification "outer-window-destroyed" for "4294967383"
1520849800737	Marionette	DEBUG	Received observer notification "outer-window-destroyed" for "4294967378"
1520849800738	Marionette	DEBUG	Received observer notification "outer-window-destroyed" for "4294967389"
1520849800738	Marionette	DEBUG	Received observer notification "outer-window-destroyed" for "4294967386"
1520849800738	Marionette	DEBUG	Received observer notification "outer-window-destroyed" for "4294967349"
1520849800739	Marionette	DEBUG	Received observer notification "outer-window-destroyed" for "4294967351"
1520849800739	Marionette	DEBUG	Received observer notification "outer-window-destroyed" for "4294967381"
1520849802113	Marionette	DEBUG	Received observer notification "outer-window-destroyed" for "4294967407"
1520849802360	Marionette	DEBUG	Received observer notification "outer-window-destroyed" for "4294967406"
1520849803160	Marionette	DEBUG	Received DOM event "pageshow" for "https://eksisozluk.com/mustafa-kemal-ataturk--34712?p=272"
1520849806311	Marionette	DEBUG	Received DOM event "beforeunload" for "https://eksisozluk.com/mustafa-kemal-ataturk--34712?p=272"
1520849806729	Marionette	DEBUG	Received DOM event "pagehide" for "https://eksisozluk.com/mustafa-kemal-ataturk--34712?p=272"
1520849806741	Marionette	DEBUG	Received DOM event "unload" for "https://eksisozluk.com/mustafa-kemal-ataturk--34712?p=272"
1520849807047	Marionette	DEBUG	Received DOM event "DOMContentLoaded" for "https://eksisozluk.com/mustafa-kemal-ataturk--34712?p=640"
1520849807066	Marionette	DEBUG	Received observer notification "outer-window-destroyed" for "4294967397"
1520849807067	Marionette	DEBUG	Received observer notification "outer-window-destroyed" for "4294967398"
1520849807067	Marionette	DEBUG	Received observer notification "outer-window-destroyed" for "4294967399"
1520849807067	Marionette	DEBUG	Received observer notification "outer-window-destroyed" for "4294967400"
1520849807068	Marionette	DEBUG	Received observer notification "outer-window-destroyed" for "4294967401"
1520849807068	Marionette	DEBUG	Received observer notification "outer-window-destroyed" for "4294967402"
1520849807068	Marionette	DEBUG	Received observer notification "outer-window-destroyed" for "4294967403"
1520849807069	Marionette	DEBUG	Received observer notification "outer-window-destroyed" for "4294967404"
1520849807069	Marionette	DEBUG	Received observer notification "outer-window-destroyed" for "4294967405"
1520849807069	Marionette	DEBUG	Received observer notification "outer-window-destroyed" for "4294967431"
1520849807070	Marionette	DEBUG	Received observer notification "outer-window-destroyed" for "4294967428"
1520849807070	Marionette	DEBUG	Received observer notification "outer-window-destroyed" for "4294967424"
1520849807070	Marionette	DEBUG	Received observer notification "outer-window-destroyed" for "4294967421"
1520849807070	Marionette	DEBUG	Received observer notification "outer-window-destroyed" for "4294967392"
1520849807071	Marionette	DEBUG	Received observer notification "outer-window-destroyed" for "4294967394"
1520849807071	Marionette	DEBUG	Received observer notification "outer-window-destroyed" for "4294967426"
1520849809084	Marionette	DEBUG	Received observer notification "outer-window-destroyed" for "4294967447"
1520849809317	Marionette	DEBUG	Received observer notification "outer-window-destroyed" for "4294967448"
1520849810249	Marionette	DEBUG	Received DOM event "pageshow" for "https://eksisozluk.com/mustafa-kemal-ataturk--34712?p=640"
1520849813607	Marionette	DEBUG	Received DOM event "beforeunload" for "https://eksisozluk.com/mustafa-kemal-ataturk--34712?p=640"
1520849813676	Marionette	DEBUG	Received DOM event "pagehide" for "https://eksisozluk.com/mustafa-kemal-ataturk--34712?p=640"
1520849813682	Marionette	DEBUG	Received DOM event "unload" for "https://eksisozluk.com/mustafa-kemal-ataturk--34712?p=640"
1520849814096	Marionette	DEBUG	Received DOM event "DOMContentLoaded" for "https://eksisozluk.com/mustafa-kemal-ataturk--34712?p=11"
1520849814111	Marionette	DEBUG	Received observer notification "outer-window-destroyed" for "4294967438"
1520849814111	Marionette	DEBUG	Received observer notification "outer-window-destroyed" for "4294967439"
1520849814112	Marionette	DEBUG	Received observer notification "outer-window-destroyed" for "4294967440"
1520849814112	Marionette	DEBUG	Received observer notification "outer-window-destroyed" for "4294967441"
1520849814112	Marionette	DEBUG	Received observer notification "outer-window-destroyed" for "4294967442"
1520849814113	Marionette	DEBUG	Received observer notification "outer-window-destroyed" for "4294967443"
1520849814113	Marionette	DEBUG	Received observer notification "outer-window-destroyed" for "4294967444"
1520849814114	Marionette	DEBUG	Received observer notification "outer-window-destroyed" for "4294967445"
1520849814115	Marionette	DEBUG	Received observer notification "outer-window-destroyed" for "4294967446"
1520849814115	Marionette	DEBUG	Received observer notification "outer-window-destroyed" for "4294967466"
1520849814116	Marionette	DEBUG	Received observer notification "outer-window-destroyed" for "4294967463"
1520849814116	Marionette	DEBUG	Received observer notification "outer-window-destroyed" for "4294967472"
1520849814116	Marionette	DEBUG	Received observer notification "outer-window-destroyed" for "4294967476"
1520849814116	Marionette	DEBUG	Received observer notification "outer-window-destroyed" for "4294967468"
1520849814117	Marionette	DEBUG	Received observer notification "outer-window-destroyed" for "4294967434"
1520849814117	Marionette	DEBUG	Received observer notification "outer-window-destroyed" for "4294967436"
1520849814117	Marionette	DEBUG	Received observer notification "outer-window-destroyed" for "4294967474"
1520849815563	Marionette	DEBUG	Received observer notification "outer-window-destroyed" for "4294967494"
1520849815751	Marionette	DEBUG	Received observer notification "outer-window-destroyed" for "4294967495"
1520849816687	Marionette	DEBUG	Received DOM event "pageshow" for "https://eksisozluk.com/mustafa-kemal-ataturk--34712?p=11"
1520849819795	Marionette	DEBUG	Received DOM event "beforeunload" for "https://eksisozluk.com/mustafa-kemal-ataturk--34712?p=11"
1520849819916	Marionette	DEBUG	Received DOM event "pagehide" for "https://eksisozluk.com/mustafa-kemal-ataturk--34712?p=11"
1520849819938	Marionette	DEBUG	Received DOM event "unload" for "https://eksisozluk.com/mustafa-kemal-ataturk--34712?p=11"
1520849820187	Marionette	DEBUG	Received DOM event "DOMContentLoaded" for "https://eksisozluk.com/mustafa-kemal-ataturk--34712?p=583"
1520849820210	Marionette	DEBUG	Received observer notification "outer-window-destroyed" for "4294967485"
1520849820210	Marionette	DEBUG	Received observer notification "outer-window-destroyed" for "4294967486"
1520849820211	Marionette	DEBUG	Received observer notification "outer-window-destroyed" for "4294967487"
1520849820211	Marionette	DEBUG	Received observer notification "outer-window-destroyed" for "4294967488"
1520849820212	Marionette	DEBUG	Received observer notification "outer-window-destroyed" for "4294967489"
1520849820212	Marionette	DEBUG	Received observer notification "outer-window-destroyed" for "4294967490"
1520849820212	Marionette	DEBUG	Received observer notification "outer-window-destroyed" for "4294967491"
1520849820214	Marionette	DEBUG	Received observer notification "outer-window-destroyed" for "4294967492"
1520849820214	Marionette	DEBUG	Received observer notification "outer-window-destroyed" for "4294967493"
1520849820216	Marionette	DEBUG	Received observer notification "outer-window-destroyed" for "4294967521"
1520849820216	Marionette	DEBUG	Received observer notification "outer-window-destroyed" for "4294967509"
1520849820216	Marionette	DEBUG	Received observer notification "outer-window-destroyed" for "4294967515"
1520849820217	Marionette	DEBUG	Received observer notification "outer-window-destroyed" for "4294967520"
1520849820217	Marionette	DEBUG	Received observer notification "outer-window-destroyed" for "4294967511"
1520849820218	Marionette	DEBUG	Received observer notification "outer-window-destroyed" for "4294967480"
1520849820218	Marionette	DEBUG	Received observer notification "outer-window-destroyed" for "4294967482"
1520849820219	Marionette	DEBUG	Received observer notification "outer-window-destroyed" for "4294967517"
1520849821826	Marionette	DEBUG	Received observer notification "outer-window-destroyed" for "4294967539"
1520849821983	Marionette	DEBUG	Received observer notification "outer-window-destroyed" for "4294967540"
1520849822609	Marionette	DEBUG	Received DOM event "pageshow" for "https://eksisozluk.com/mustafa-kemal-ataturk--34712?p=583"
1520849825734	Marionette	DEBUG	Received DOM event "beforeunload" for "https://eksisozluk.com/mustafa-kemal-ataturk--34712?p=583"
1520849825798	Marionette	DEBUG	Received DOM event "pagehide" for "https://eksisozluk.com/mustafa-kemal-ataturk--34712?p=583"
1520849825813	Marionette	DEBUG	Received DOM event "unload" for "https://eksisozluk.com/mustafa-kemal-ataturk--34712?p=583"
1520849826023	Marionette	DEBUG	Received observer notification "outer-window-destroyed" for "4294967530"
1520849826023	Marionette	DEBUG	Received observer notification "outer-window-destroyed" for "4294967531"
1520849826024	Marionette	DEBUG	Received observer notification "outer-window-destroyed" for "4294967532"
1520849826024	Marionette	DEBUG	Received observer notification "outer-window-destroyed" for "4294967533"
1520849826024	Marionette	DEBUG	Received observer notification "outer-window-destroyed" for "4294967534"
1520849826025	Marionette	DEBUG	Received observer notification "outer-window-destroyed" for "4294967535"
1520849826025	Marionette	DEBUG	Received observer notification "outer-window-destroyed" for "4294967536"
1520849826025	Marionette	DEBUG	Received observer notification "outer-window-destroyed" for "4294967537"
1520849826025	Marionette	DEBUG	Received observer notification "outer-window-destroyed" for "4294967538"
1520849826025	Marionette	DEBUG	Received observer notification "outer-window-destroyed" for "4294967563"
1520849826026	Marionette	DEBUG	Received observer notification "outer-window-destroyed" for "4294967554"
1520849826026	Marionette	DEBUG	Received observer notification "outer-window-destroyed" for "4294967562"
1520849826026	Marionette	DEBUG	Received observer notification "outer-window-destroyed" for "4294967557"
1520849826026	Marionette	DEBUG	Received observer notification "outer-window-destroyed" for "4294967525"
1520849826027	Marionette	DEBUG	Received observer notification "outer-window-destroyed" for "4294967527"
1520849826027	Marionette	DEBUG	Received observer notification "outer-window-destroyed" for "4294967560"
1520849826087	Marionette	DEBUG	Received DOM event "DOMContentLoaded" for "https://eksisozluk.com/mustafa-kemal-ataturk--34712?p=618"
1520849827472	Marionette	DEBUG	Received observer notification "outer-window-destroyed" for "4294967583"
1520849827763	Marionette	DEBUG	Received observer notification "outer-window-destroyed" for "4294967582"
1520849828230	Marionette	DEBUG	Received DOM event "pageshow" for "https://eksisozluk.com/mustafa-kemal-ataturk--34712?p=618"
1520849831449	Marionette	DEBUG	Received DOM event "beforeunload" for "https://eksisozluk.com/mustafa-kemal-ataturk--34712?p=618"
1520849831500	Marionette	DEBUG	Received DOM event "pagehide" for "https://eksisozluk.com/mustafa-kemal-ataturk--34712?p=618"
1520849831507	Marionette	DEBUG	Received DOM event "unload" for "https://eksisozluk.com/mustafa-kemal-ataturk--34712?p=618"
1520849831784	Marionette	DEBUG	Received DOM event "DOMContentLoaded" for "https://eksisozluk.com/mustafa-kemal-ataturk--34712?p=912"
1520849831801	Marionette	DEBUG	Received observer notification "outer-window-destroyed" for "4294967573"
1520849831802	Marionette	DEBUG	Received observer notification "outer-window-destroyed" for "4294967574"
1520849831802	Marionette	DEBUG	Received observer notification "outer-window-destroyed" for "4294967575"
1520849831803	Marionette	DEBUG	Received observer notification "outer-window-destroyed" for "4294967576"
1520849831803	Marionette	DEBUG	Received observer notification "outer-window-destroyed" for "4294967577"
1520849831803	Marionette	DEBUG	Received observer notification "outer-window-destroyed" for "4294967578"
1520849831803	Marionette	DEBUG	Received observer notification "outer-window-destroyed" for "4294967579"
1520849831804	Marionette	DEBUG	Received observer notification "outer-window-destroyed" for "4294967580"
1520849831804	Marionette	DEBUG	Received observer notification "outer-window-destroyed" for "4294967581"
1520849831804	Marionette	DEBUG	Received observer notification "outer-window-destroyed" for "4294967607"
1520849831804	Marionette	DEBUG	Received observer notification "outer-window-destroyed" for "4294967609"
1520849831805	Marionette	DEBUG	Received observer notification "outer-window-destroyed" for "4294967604"
1520849831806	Marionette	DEBUG	Received observer notification "outer-window-destroyed" for "4294967602"
1520849831806	Marionette	DEBUG	Received observer notification "outer-window-destroyed" for "4294967597"
1520849831807	Marionette	DEBUG	Received observer notification "outer-window-destroyed" for "4294967568"
1520849831807	Marionette	DEBUG	Received observer notification "outer-window-destroyed" for "4294967570"
1520849831808	Marionette	DEBUG	Received observer notification "outer-window-destroyed" for "4294967600"
1520849833365	Marionette	DEBUG	Received observer notification "outer-window-destroyed" for "4294967627"
1520849833581	Marionette	DEBUG	Received observer notification "outer-window-destroyed" for "4294967628"
1520849834238	Marionette	DEBUG	Received DOM event "pageshow" for "https://eksisozluk.com/mustafa-kemal-ataturk--34712?p=912"
1520849837364	Marionette	DEBUG	Received DOM event "beforeunload" for "https://eksisozluk.com/mustafa-kemal-ataturk--34712?p=912"
1520849837462	Marionette	DEBUG	Received DOM event "pagehide" for "https://eksisozluk.com/mustafa-kemal-ataturk--34712?p=912"
1520849837469	Marionette	DEBUG	Received DOM event "unload" for "https://eksisozluk.com/mustafa-kemal-ataturk--34712?p=912"
1520849837695	Marionette	DEBUG	Received DOM event "DOMContentLoaded" for "https://eksisozluk.com/mustafa-kemal-ataturk--34712?p=443"
1520849837708	Marionette	DEBUG	Received observer notification "outer-window-destroyed" for "4294967618"
1520849837709	Marionette	DEBUG	Received observer notification "outer-window-destroyed" for "4294967619"
1520849837710	Marionette	DEBUG	Received observer notification "outer-window-destroyed" for "4294967620"
1520849837711	Marionette	DEBUG	Received observer notification "outer-window-destroyed" for "4294967621"
1520849837711	Marionette	DEBUG	Received observer notification "outer-window-destroyed" for "4294967622"
1520849837711	Marionette	DEBUG	Received observer notification "outer-window-destroyed" for "4294967623"
1520849837711	Marionette	DEBUG	Received observer notification "outer-window-destroyed" for "4294967624"
1520849837712	Marionette	DEBUG	Received observer notification "outer-window-destroyed" for "4294967625"
1520849837712	Marionette	DEBUG	Received observer notification "outer-window-destroyed" for "4294967626"
1520849837713	Marionette	DEBUG	Received observer notification "outer-window-destroyed" for "4294967645"
1520849837713	Marionette	DEBUG	Received observer notification "outer-window-destroyed" for "4294967648"
1520849837714	Marionette	DEBUG	Received observer notification "outer-window-destroyed" for "4294967642"
1520849837715	Marionette	DEBUG	Received observer notification "outer-window-destroyed" for "4294967655"
1520849837716	Marionette	DEBUG	Received observer notification "outer-window-destroyed" for "4294967652"
1520849837716	Marionette	DEBUG	Received observer notification "outer-window-destroyed" for "4294967613"
1520849837717	Marionette	DEBUG	Received observer notification "outer-window-destroyed" for "4294967615"
1520849837717	Marionette	DEBUG	Received observer notification "outer-window-destroyed" for "4294967649"
1520849839198	Marionette	DEBUG	Received observer notification "outer-window-destroyed" for "4294967672"
1520849839404	Marionette	DEBUG	Received observer notification "outer-window-destroyed" for "4294967673"
1520849840079	Marionette	DEBUG	Received DOM event "pageshow" for "https://eksisozluk.com/mustafa-kemal-ataturk--34712?p=443"
1520849843256	Marionette	DEBUG	Received DOM event "beforeunload" for "https://eksisozluk.com/mustafa-kemal-ataturk--34712?p=443"
1520849843391	Marionette	DEBUG	Received DOM event "pagehide" for "https://eksisozluk.com/mustafa-kemal-ataturk--34712?p=443"
1520849843404	Marionette	DEBUG	Received DOM event "unload" for "https://eksisozluk.com/mustafa-kemal-ataturk--34712?p=443"
1520849843613	Marionette	DEBUG	Received DOM event "DOMContentLoaded" for "https://eksisozluk.com/mustafa-kemal-ataturk--34712?p=846"
1520849843642	Marionette	DEBUG	Received observer notification "outer-window-destroyed" for "4294967663"
1520849843643	Marionette	DEBUG	Received observer notification "outer-window-destroyed" for "4294967664"
1520849843643	Marionette	DEBUG	Received observer notification "outer-window-destroyed" for "4294967665"
1520849843644	Marionette	DEBUG	Received observer notification "outer-window-destroyed" for "4294967666"
1520849843644	Marionette	DEBUG	Received observer notification "outer-window-destroyed" for "4294967667"
1520849843645	Marionette	DEBUG	Received observer notification "outer-window-destroyed" for "4294967668"
1520849843645	Marionette	DEBUG	Received observer notification "outer-window-destroyed" for "4294967669"
1520849843645	Marionette	DEBUG	Received observer notification "outer-window-destroyed" for "4294967670"
1520849843645	Marionette	DEBUG	Received observer notification "outer-window-destroyed" for "4294967671"
1520849843646	Marionette	DEBUG	Received observer notification "outer-window-destroyed" for "4294967690"
1520849843646	Marionette	DEBUG	Received observer notification "outer-window-destroyed" for "4294967698"
1520849843646	Marionette	DEBUG	Received observer notification "outer-window-destroyed" for "4294967687"
1520849843647	Marionette	DEBUG	Received observer notification "outer-window-destroyed" for "4294967701"
1520849843647	Marionette	DEBUG	Received observer notification "outer-window-destroyed" for "4294967693"
1520849843647	Marionette	DEBUG	Received observer notification "outer-window-destroyed" for "4294967658"
1520849843648	Marionette	DEBUG	Received observer notification "outer-window-destroyed" for "4294967660"
1520849843649	Marionette	DEBUG	Received observer notification "outer-window-destroyed" for "4294967695"
1520849845275	Marionette	DEBUG	Received observer notification "outer-window-destroyed" for "4294967718"
1520849845318	Marionette	DEBUG	Received observer notification "outer-window-destroyed" for "4294967719"
1520849846164	Marionette	DEBUG	Received DOM event "pageshow" for "https://eksisozluk.com/mustafa-kemal-ataturk--34712?p=846"
1520850529671	geckodriver	INFO	geckodriver 0.19.1
1520850529680	geckodriver	INFO	Listening on 127.0.0.1:53080
1520850532730	mozrunner::runner	INFO	Running command: "C:\\Program Files\\Mozilla Firefox\\firefox.exe" "-marionette" "-profile" "C:\\Users\\user\\AppData\\Local\\Temp\\rust_mozprofile.aPcA1m8pH3uv"
1520850533690	Marionette	INFO	Enabled via --marionette
Unable to read VR Path Registry from C:\Users\user\AppData\Local\openvr\openvrpaths.vrpath
[Child 10340, Chrome_ChildThread] WARNING: pipe error: 109: file z:/build/build/src/ipc/chromium/src/chrome/common/ipc_channel_win.cc, line 346
[Child 10340, Chrome_ChildThread] WARNING: pipe error: 109: file z:/build/build/src/ipc/chromium/src/chrome/common/ipc_channel_win.cc, line 346
1520850539110	Marionette	INFO	Listening on port 53088
1520850540082	Marionette	WARN	TLS certificate errors will be ignored for this session
1520850540169	Marionette	DEBUG	Register listener.js for window 4294967297
1520850540191	Marionette	DEBUG	Received DOM event "beforeunload" for "about:blank"
1520850540320	Marionette	DEBUG	Received DOM event "pagehide" for "about:blank"
1520850540321	Marionette	DEBUG	Received DOM event "unload" for "about:blank"
1520850541720	Marionette	DEBUG	Received DOM event "DOMContentLoaded" for "https://eksisozluk.com/mustafa-kemal-ataturk--34712?p=217"
1520850543832	Marionette	DEBUG	Received observer notification "outer-window-destroyed" for "4294967316"
1520850544021	Marionette	DEBUG	Received observer notification "outer-window-destroyed" for "4294967315"
1520850546315	Marionette	DEBUG	Received DOM event "pageshow" for "https://eksisozluk.com/mustafa-kemal-ataturk--34712?p=217"
1520850549425	Marionette	DEBUG	Received DOM event "beforeunload" for "https://eksisozluk.com/mustafa-kemal-ataturk--34712?p=217"
1520850549507	Marionette	DEBUG	Received DOM event "pagehide" for "https://eksisozluk.com/mustafa-kemal-ataturk--34712?p=217"
1520850549517	Marionette	DEBUG	Received DOM event "unload" for "https://eksisozluk.com/mustafa-kemal-ataturk--34712?p=217"
1520850549849	Marionette	DEBUG	Received DOM event "DOMContentLoaded" for "https://eksisozluk.com/mustafa-kemal-ataturk--34712?p=274"
1520850549852	Marionette	DEBUG	Received observer notification "outer-window-destroyed" for "4294967306"
1520850549852	Marionette	DEBUG	Received observer notification "outer-window-destroyed" for "4294967307"
1520850549853	Marionette	DEBUG	Received observer notification "outer-window-destroyed" for "4294967308"
1520850549854	Marionette	DEBUG	Received observer notification "outer-window-destroyed" for "4294967309"
1520850549855	Marionette	DEBUG	Received observer notification "outer-window-destroyed" for "4294967310"
1520850549856	Marionette	DEBUG	Received observer notification "outer-window-destroyed" for "4294967311"
1520850549856	Marionette	DEBUG	Received observer notification "outer-window-destroyed" for "4294967312"
1520850549856	Marionette	DEBUG	Received observer notification "outer-window-destroyed" for "4294967313"
1520850549857	Marionette	DEBUG	Received observer notification "outer-window-destroyed" for "4294967314"
1520850549858	Marionette	DEBUG	Received observer notification "outer-window-destroyed" for "4294967339"
1520850549858	Marionette	DEBUG	Received observer notification "outer-window-destroyed" for "4294967341"
1520850549858	Marionette	DEBUG	Received observer notification "outer-window-destroyed" for "4294967334"
1520850549859	Marionette	DEBUG	Received observer notification "outer-window-destroyed" for "4294967338"
1520850549859	Marionette	DEBUG	Received observer notification "outer-window-destroyed" for "4294967340"
1520850549860	Marionette	DEBUG	Received observer notification "outer-window-destroyed" for "4294967332"
1520850549860	Marionette	DEBUG	Received observer notification "outer-window-destroyed" for "4294967301"
1520850549860	Marionette	DEBUG	Received observer notification "outer-window-destroyed" for "4294967303"
1520850549861	Marionette	DEBUG	Received observer notification "outer-window-destroyed" for "4294967330"
1520850551191	Marionette	DEBUG	Received observer notification "outer-window-destroyed" for "4294967364"
1520850551373	Marionette	DEBUG	Received observer notification "outer-window-destroyed" for "4294967363"
1520850553127	Marionette	DEBUG	Received DOM event "pageshow" for "https://eksisozluk.com/mustafa-kemal-ataturk--34712?p=274"
1520850556266	Marionette	DEBUG	Received DOM event "beforeunload" for "https://eksisozluk.com/mustafa-kemal-ataturk--34712?p=274"
1520850556325	Marionette	DEBUG	Received DOM event "pagehide" for "https://eksisozluk.com/mustafa-kemal-ataturk--34712?p=274"
1520850556341	Marionette	DEBUG	Received DOM event "unload" for "https://eksisozluk.com/mustafa-kemal-ataturk--34712?p=274"
1520850556559	Marionette	DEBUG	Received DOM event "DOMContentLoaded" for "https://eksisozluk.com/mustafa-kemal-ataturk--34712?p=953"
1520850556560	Marionette	DEBUG	Received observer notification "outer-window-destroyed" for "4294967354"
1520850556560	Marionette	DEBUG	Received observer notification "outer-window-destroyed" for "4294967355"
1520850556561	Marionette	DEBUG	Received observer notification "outer-window-destroyed" for "4294967356"
1520850556561	Marionette	DEBUG	Received observer notification "outer-window-destroyed" for "4294967357"
1520850556561	Marionette	DEBUG	Received observer notification "outer-window-destroyed" for "4294967358"
1520850556561	Marionette	DEBUG	Received observer notification "outer-window-destroyed" for "4294967359"
1520850556562	Marionette	DEBUG	Received observer notification "outer-window-destroyed" for "4294967360"
1520850556562	Marionette	DEBUG	Received observer notification "outer-window-destroyed" for "4294967361"
1520850556562	Marionette	DEBUG	Received observer notification "outer-window-destroyed" for "4294967362"
1520850556562	Marionette	DEBUG	Received observer notification "outer-window-destroyed" for "4294967384"
1520850556563	Marionette	DEBUG	Received observer notification "outer-window-destroyed" for "4294967381"
1520850556563	Marionette	DEBUG	Received observer notification "outer-window-destroyed" for "4294967388"
1520850556563	Marionette	DEBUG	Received observer notification "outer-window-destroyed" for "4294967390"
1520850556563	Marionette	DEBUG	Received observer notification "outer-window-destroyed" for "4294967378"
1520850556563	Marionette	DEBUG	Received observer notification "outer-window-destroyed" for "4294967349"
1520850556564	Marionette	DEBUG	Received observer notification "outer-window-destroyed" for "4294967351"
1520850556564	Marionette	DEBUG	Received observer notification "outer-window-destroyed" for "4294967386"
1520850558264	Marionette	DEBUG	Received observer notification "outer-window-destroyed" for "4294967411"
1520850558375	Marionette	DEBUG	Received observer notification "outer-window-destroyed" for "4294967410"
1520850559063	Marionette	DEBUG	Received DOM event "pageshow" for "https://eksisozluk.com/mustafa-kemal-ataturk--34712?p=953"
1520850562180	Marionette	DEBUG	Received DOM event "beforeunload" for "https://eksisozluk.com/mustafa-kemal-ataturk--34712?p=953"
1520850562252	Marionette	DEBUG	Received DOM event "pagehide" for "https://eksisozluk.com/mustafa-kemal-ataturk--34712?p=953"
1520850562263	Marionette	DEBUG	Received DOM event "unload" for "https://eksisozluk.com/mustafa-kemal-ataturk--34712?p=953"
1520850562477	Marionette	DEBUG	Received DOM event "DOMContentLoaded" for "https://eksisozluk.com/mustafa-kemal-ataturk--34712?p=781"
1520850562478	Marionette	DEBUG	Received observer notification "outer-window-destroyed" for "4294967401"
1520850562478	Marionette	DEBUG	Received observer notification "outer-window-destroyed" for "4294967402"
1520850562479	Marionette	DEBUG	Received observer notification "outer-window-destroyed" for "4294967403"
1520850562479	Marionette	DEBUG	Received observer notification "outer-window-destroyed" for "4294967404"
1520850562480	Marionette	DEBUG	Received observer notification "outer-window-destroyed" for "4294967405"
1520850562480	Marionette	DEBUG	Received observer notification "outer-window-destroyed" for "4294967406"
1520850562480	Marionette	DEBUG	Received observer notification "outer-window-destroyed" for "4294967407"
1520850562480	Marionette	DEBUG	Received observer notification "outer-window-destroyed" for "4294967408"
1520850562481	Marionette	DEBUG	Received observer notification "outer-window-destroyed" for "4294967409"
1520850562481	Marionette	DEBUG	Received observer notification "outer-window-destroyed" for "4294967434"
1520850562482	Marionette	DEBUG	Received observer notification "outer-window-destroyed" for "4294967427"
1520850562482	Marionette	DEBUG	Received observer notification "outer-window-destroyed" for "4294967433"
1520850562483	Marionette	DEBUG	Received observer notification "outer-window-destroyed" for "4294967425"
1520850562483	Marionette	DEBUG	Received observer notification "outer-window-destroyed" for "4294967396"
1520850562484	Marionette	DEBUG	Received observer notification "outer-window-destroyed" for "4294967398"
1520850562484	Marionette	DEBUG	Received observer notification "outer-window-destroyed" for "4294967431"
1520850564454	Marionette	DEBUG	Received DOM event "pageshow" for "https://eksisozluk.com/mustafa-kemal-ataturk--34712?p=781"
1520850567541	Marionette	DEBUG	Received DOM event "beforeunload" for "https://eksisozluk.com/mustafa-kemal-ataturk--34712?p=781"
1520850567604	Marionette	DEBUG	Received DOM event "pagehide" for "https://eksisozluk.com/mustafa-kemal-ataturk--34712?p=781"
1520850567635	Marionette	DEBUG	Received DOM event "unload" for "https://eksisozluk.com/mustafa-kemal-ataturk--34712?p=781"
1520850567905	Marionette	DEBUG	Received DOM event "DOMContentLoaded" for "https://eksisozluk.com/mustafa-kemal-ataturk--34712?p=748"
1520850567908	Marionette	DEBUG	Received observer notification "outer-window-destroyed" for "4294967443"
1520850567908	Marionette	DEBUG	Received observer notification "outer-window-destroyed" for "4294967444"
1520850567908	Marionette	DEBUG	Received observer notification "outer-window-destroyed" for "4294967445"
1520850567909	Marionette	DEBUG	Received observer notification "outer-window-destroyed" for "4294967446"
1520850567909	Marionette	DEBUG	Received observer notification "outer-window-destroyed" for "4294967447"
1520850567909	Marionette	DEBUG	Received observer notification "outer-window-destroyed" for "4294967448"
1520850567910	Marionette	DEBUG	Received observer notification "outer-window-destroyed" for "4294967449"
1520850567910	Marionette	DEBUG	Received observer notification "outer-window-destroyed" for "4294967450"
1520850567910	Marionette	DEBUG	Received observer notification "outer-window-destroyed" for "4294967451"
1520850567911	Marionette	DEBUG	Received observer notification "outer-window-destroyed" for "4294967468"
1520850567911	Marionette	DEBUG	Received observer notification "outer-window-destroyed" for "4294967452"
1520850567911	Marionette	DEBUG	Received observer notification "outer-window-destroyed" for "4294967470"
1520850567912	Marionette	DEBUG	Received observer notification "outer-window-destroyed" for "4294967453"
1520850567912	Marionette	DEBUG	Received observer notification "outer-window-destroyed" for "4294967438"
1520850567912	Marionette	DEBUG	Received observer notification "outer-window-destroyed" for "4294967440"
1520850567913	Marionette	DEBUG	Received observer notification "outer-window-destroyed" for "4294967471"
1520850569604	Marionette	DEBUG	Received observer notification "outer-window-destroyed" for "4294967489"
1520850569766	Marionette	DEBUG	Received observer notification "outer-window-destroyed" for "4294967490"
1520850573470	Marionette	DEBUG	Received DOM event "pageshow" for "https://eksisozluk.com/mustafa-kemal-ataturk--34712?p=748"
1520850576592	Marionette	DEBUG	Received DOM event "beforeunload" for "https://eksisozluk.com/mustafa-kemal-ataturk--34712?p=748"
1520850576667	Marionette	DEBUG	Received DOM event "pagehide" for "https://eksisozluk.com/mustafa-kemal-ataturk--34712?p=748"
1520850576703	Marionette	DEBUG	Received DOM event "unload" for "https://eksisozluk.com/mustafa-kemal-ataturk--34712?p=748"
1520850576960	Marionette	DEBUG	Received DOM event "DOMContentLoaded" for "https://eksisozluk.com/mustafa-kemal-ataturk--34712?p=398"
1520850576975	Marionette	DEBUG	Received observer notification "outer-window-destroyed" for "4294967480"
1520850576975	Marionette	DEBUG	Received observer notification "outer-window-destroyed" for "4294967481"
1520850576975	Marionette	DEBUG	Received observer notification "outer-window-destroyed" for "4294967482"
1520850576976	Marionette	DEBUG	Received observer notification "outer-window-destroyed" for "4294967483"
1520850576976	Marionette	DEBUG	Received observer notification "outer-window-destroyed" for "4294967484"
1520850576976	Marionette	DEBUG	Received observer notification "outer-window-destroyed" for "4294967485"
1520850576977	Marionette	DEBUG	Received observer notification "outer-window-destroyed" for "4294967486"
1520850576977	Marionette	DEBUG	Received observer notification "outer-window-destroyed" for "4294967487"
1520850576977	Marionette	DEBUG	Received observer notification "outer-window-destroyed" for "4294967488"
1520850576978	Marionette	DEBUG	Received observer notification "outer-window-destroyed" for "4294967515"
1520850576978	Marionette	DEBUG	Received observer notification "outer-window-destroyed" for "4294967507"
1520850576978	Marionette	DEBUG	Received observer notification "outer-window-destroyed" for "4294967517"
1520850576979	Marionette	DEBUG	Received observer notification "outer-window-destroyed" for "4294967512"
1520850576979	Marionette	DEBUG	Received observer notification "outer-window-destroyed" for "4294967478"
1520850576979	Marionette	DEBUG	Received observer notification "outer-window-destroyed" for "4294967502"
1520850576980	Marionette	DEBUG	Received observer notification "outer-window-destroyed" for "4294967510"
1520850578441	Marionette	DEBUG	Received observer notification "outer-window-destroyed" for "4294967535"
1520850578631	Marionette	DEBUG	Received observer notification "outer-window-destroyed" for "4294967534"
1520850579242	Marionette	DEBUG	Received DOM event "pageshow" for "https://eksisozluk.com/mustafa-kemal-ataturk--34712?p=398"
1520850582350	Marionette	DEBUG	Received DOM event "beforeunload" for "https://eksisozluk.com/mustafa-kemal-ataturk--34712?p=398"
1520850582403	Marionette	DEBUG	Received DOM event "pagehide" for "https://eksisozluk.com/mustafa-kemal-ataturk--34712?p=398"
1520850582414	Marionette	DEBUG	Received DOM event "unload" for "https://eksisozluk.com/mustafa-kemal-ataturk--34712?p=398"
1520850582626	Marionette	DEBUG	Received DOM event "DOMContentLoaded" for "https://eksisozluk.com/mustafa-kemal-ataturk--34712?p=1107"
1520850582643	Marionette	DEBUG	Received observer notification "outer-window-destroyed" for "4294967525"
1520850582643	Marionette	DEBUG	Received observer notification "outer-window-destroyed" for "4294967526"
1520850582644	Marionette	DEBUG	Received observer notification "outer-window-destroyed" for "4294967527"
1520850582644	Marionette	DEBUG	Received observer notification "outer-window-destroyed" for "4294967528"
1520850582644	Marionette	DEBUG	Received observer notification "outer-window-destroyed" for "4294967529"
1520850582645	Marionette	DEBUG	Received observer notification "outer-window-destroyed" for "4294967530"
1520850582645	Marionette	DEBUG	Received observer notification "outer-window-destroyed" for "4294967531"
1520850582645	Marionette	DEBUG	Received observer notification "outer-window-destroyed" for "4294967532"
1520850582645	Marionette	DEBUG	Received observer notification "outer-window-destroyed" for "4294967533"
1520850582645	Marionette	DEBUG	Received observer notification "outer-window-destroyed" for "4294967560"
1520850582646	Marionette	DEBUG	Received observer notification "outer-window-destroyed" for "4294967554"
1520850582646	Marionette	DEBUG	Received observer notification "outer-window-destroyed" for "4294967556"
1520850582646	Marionette	DEBUG	Received observer notification "outer-window-destroyed" for "4294967549"
1520850582647	Marionette	DEBUG	Received observer notification "outer-window-destroyed" for "4294967520"
1520850582647	Marionette	DEBUG	Received observer notification "outer-window-destroyed" for "4294967522"
1520850582647	Marionette	DEBUG	Received observer notification "outer-window-destroyed" for "4294967552"
1520850584145	Marionette	DEBUG	Received observer notification "outer-window-destroyed" for "4294967577"
1520850584182	Marionette	DEBUG	Received observer notification "outer-window-destroyed" for "4294967578"
1520850584968	Marionette	DEBUG	Received DOM event "pageshow" for "https://eksisozluk.com/mustafa-kemal-ataturk--34712?p=1107"
1520850588061	Marionette	DEBUG	Received DOM event "beforeunload" for "https://eksisozluk.com/mustafa-kemal-ataturk--34712?p=1107"
1520850588119	Marionette	DEBUG	Received DOM event "pagehide" for "https://eksisozluk.com/mustafa-kemal-ataturk--34712?p=1107"
1520850588132	Marionette	DEBUG	Received DOM event "unload" for "https://eksisozluk.com/mustafa-kemal-ataturk--34712?p=1107"
1520850588360	Marionette	DEBUG	Received DOM event "DOMContentLoaded" for "https://eksisozluk.com/mustafa-kemal-ataturk--34712?p=611"
1520850588367	Marionette	DEBUG	Received observer notification "outer-window-destroyed" for "4294967568"
1520850588368	Marionette	DEBUG	Received observer notification "outer-window-destroyed" for "4294967569"
1520850588368	Marionette	DEBUG	Received observer notification "outer-window-destroyed" for "4294967570"
1520850588368	Marionette	DEBUG	Received observer notification "outer-window-destroyed" for "4294967571"
1520850588369	Marionette	DEBUG	Received observer notification "outer-window-destroyed" for "4294967572"
1520850588369	Marionette	DEBUG	Received observer notification "outer-window-destroyed" for "4294967573"
1520850588369	Marionette	DEBUG	Received observer notification "outer-window-destroyed" for "4294967574"
1520850588370	Marionette	DEBUG	Received observer notification "outer-window-destroyed" for "4294967575"
1520850588370	Marionette	DEBUG	Received observer notification "outer-window-destroyed" for "4294967576"
1520850588370	Marionette	DEBUG	Received observer notification "outer-window-destroyed" for "4294967600"
1520850588371	Marionette	DEBUG	Received observer notification "outer-window-destroyed" for "4294967592"
1520850588371	Marionette	DEBUG	Received observer notification "outer-window-destroyed" for "4294967601"
1520850588371	Marionette	DEBUG	Received observer notification "outer-window-destroyed" for "4294967594"
1520850588371	Marionette	DEBUG	Received observer notification "outer-window-destroyed" for "4294967563"
1520850588371	Marionette	DEBUG	Received observer notification "outer-window-destroyed" for "4294967565"
1520850588372	Marionette	DEBUG	Received observer notification "outer-window-destroyed" for "4294967598"
1520850589745	Marionette	DEBUG	Received observer notification "outer-window-destroyed" for "4294967619"
1520850589862	Marionette	DEBUG	Received observer notification "outer-window-destroyed" for "4294967620"
1520850590659	Marionette	DEBUG	Received DOM event "pageshow" for "https://eksisozluk.com/mustafa-kemal-ataturk--34712?p=611"
1520850593731	Marionette	DEBUG	Received DOM event "beforeunload" for "https://eksisozluk.com/mustafa-kemal-ataturk--34712?p=611"
1520850593780	Marionette	DEBUG	Received DOM event "pagehide" for "https://eksisozluk.com/mustafa-kemal-ataturk--34712?p=611"
1520850593791	Marionette	DEBUG	Received DOM event "unload" for "https://eksisozluk.com/mustafa-kemal-ataturk--34712?p=611"
1520850594026	Marionette	DEBUG	Received DOM event "DOMContentLoaded" for "https://eksisozluk.com/mustafa-kemal-ataturk--34712?p=496"
1520850594045	Marionette	DEBUG	Received observer notification "outer-window-destroyed" for "4294967610"
1520850594046	Marionette	DEBUG	Received observer notification "outer-window-destroyed" for "4294967611"
1520850594046	Marionette	DEBUG	Received observer notification "outer-window-destroyed" for "4294967612"
1520850594046	Marionette	DEBUG	Received observer notification "outer-window-destroyed" for "4294967613"
1520850594047	Marionette	DEBUG	Received observer notification "outer-window-destroyed" for "4294967614"
1520850594047	Marionette	DEBUG	Received observer notification "outer-window-destroyed" for "4294967615"
1520850594047	Marionette	DEBUG	Received observer notification "outer-window-destroyed" for "4294967616"
1520850594048	Marionette	DEBUG	Received observer notification "outer-window-destroyed" for "4294967617"
1520850594048	Marionette	DEBUG	Received observer notification "outer-window-destroyed" for "4294967618"
1520850594048	Marionette	DEBUG	Received observer notification "outer-window-destroyed" for "4294967642"
1520850594048	Marionette	DEBUG	Received observer notification "outer-window-destroyed" for "4294967634"
1520850594049	Marionette	DEBUG	Received observer notification "outer-window-destroyed" for "4294967644"
1520850594049	Marionette	DEBUG	Received observer notification "outer-window-destroyed" for "4294967636"
1520850594049	Marionette	DEBUG	Received observer notification "outer-window-destroyed" for "4294967605"
1520850594049	Marionette	DEBUG	Received observer notification "outer-window-destroyed" for "4294967607"
1520850594050	Marionette	DEBUG	Received observer notification "outer-window-destroyed" for "4294967640"
1520850595794	Marionette	DEBUG	Received observer notification "outer-window-destroyed" for "4294967663"
1520850595803	Marionette	DEBUG	Received observer notification "outer-window-destroyed" for "4294967664"
1520850596594	Marionette	DEBUG	Received DOM event "pageshow" for "https://eksisozluk.com/mustafa-kemal-ataturk--34712?p=496"
1520850599671	Marionette	DEBUG	Received DOM event "beforeunload" for "https://eksisozluk.com/mustafa-kemal-ataturk--34712?p=496"
1520850599842	Marionette	DEBUG	Received DOM event "pagehide" for "https://eksisozluk.com/mustafa-kemal-ataturk--34712?p=496"
1520850599853	Marionette	DEBUG	Received DOM event "unload" for "https://eksisozluk.com/mustafa-kemal-ataturk--34712?p=496"
1520850600072	Marionette	DEBUG	Received DOM event "DOMContentLoaded" for "https://eksisozluk.com/mustafa-kemal-ataturk--34712?p=60"
1520850600097	Marionette	DEBUG	Received observer notification "outer-window-destroyed" for "4294967654"
1520850600097	Marionette	DEBUG	Received observer notification "outer-window-destroyed" for "4294967655"
1520850600098	Marionette	DEBUG	Received observer notification "outer-window-destroyed" for "4294967656"
1520850600098	Marionette	DEBUG	Received observer notification "outer-window-destroyed" for "4294967657"
1520850600098	Marionette	DEBUG	Received observer notification "outer-window-destroyed" for "4294967658"
1520850600099	Marionette	DEBUG	Received observer notification "outer-window-destroyed" for "4294967659"
1520850600099	Marionette	DEBUG	Received observer notification "outer-window-destroyed" for "4294967660"
1520850600099	Marionette	DEBUG	Received observer notification "outer-window-destroyed" for "4294967661"
1520850600099	Marionette	DEBUG	Received observer notification "outer-window-destroyed" for "4294967662"
1520850600100	Marionette	DEBUG	Received observer notification "outer-window-destroyed" for "4294967686"
1520850600100	Marionette	DEBUG	Received observer notification "outer-window-destroyed" for "4294967678"
1520850600100	Marionette	DEBUG	Received observer notification "outer-window-destroyed" for "4294967687"
1520850600101	Marionette	DEBUG	Received observer notification "outer-window-destroyed" for "4294967680"
1520850600101	Marionette	DEBUG	Received observer notification "outer-window-destroyed" for "4294967647"
1520850600101	Marionette	DEBUG	Received observer notification "outer-window-destroyed" for "4294967648"
1520850600101	Marionette	DEBUG	Received observer notification "outer-window-destroyed" for "4294967651"
1520850600102	Marionette	DEBUG	Received observer notification "outer-window-destroyed" for "4294967684"
1520850601893	Marionette	DEBUG	Received observer notification "outer-window-destroyed" for "4294967708"
1520850601902	Marionette	DEBUG	Received observer notification "outer-window-destroyed" for "4294967707"
1520850603123	Marionette	DEBUG	Received DOM event "pageshow" for "https://eksisozluk.com/mustafa-kemal-ataturk--34712?p=60"
